# JRE version: 7.0_25-b30
# Java VM: OpenJDK 64-Bit Server VM (23.7-b01 mixed mode linux-amd64 compressed oops)
Heap
 PSYoungGen      total 86720K, used 44325K [0x00000000f8000000, 0x00000000ff120000, 0x0000000100000000)
  eden space 80256K, 55% used [0x00000000f8000000,0x00000000fab497f8,0x00000000fce60000)
  from space 6464K, 0% used [0x00000000fce60000,0x00000000fce60000,0x00000000fd4b0000)
  to   space 17792K, 0% used [0x00000000fdfc0000,0x00000000fdfc0000,0x00000000ff120000)
 ParOldGen       total 59840K, used 28060K [0x00000000e8000000, 0x00000000eba70000, 0x00000000f8000000)
  object space 59840K, 46% used [0x00000000e8000000,0x00000000e9b67168,0x00000000eba70000)
 PSPermGen       total 94336K, used 61433K [0x00000000d8000000, 0x00000000ddc20000, 0x00000000e8000000)
  object space 94336K, 65% used [0x00000000d8000000,0x00000000dbbfe488,0x00000000ddc20000)
GC Heap History (10 events):
Event: 188.308 GC heap before
{Heap before GC invocations=14 (full 4):
 PSYoungGen      total 90560K, used 2884K [0x00000000f8000000, 0x00000000fec00000, 0x0000000100000000)
  eden space 70656K, 0% used [0x00000000f8000000,0x00000000f8000000,0x00000000fc500000)
  from space 19904K, 14% used [0x00000000fd890000,0x00000000fdb61030,0x00000000fec00000)
  to   space 19968K, 0% used [0x00000000fc500000,0x00000000fc500000,0x00000000fd880000)
 ParOldGen       total 59840K, used 25439K [0x00000000e8000000, 0x00000000eba70000, 0x00000000f8000000)
  object space 59840K, 42% used [0x00000000e8000000,0x00000000e98d7df8,0x00000000eba70000)
 PSPermGen       total 91648K, used 54943K [0x00000000d8000000, 0x00000000dd980000, 0x00000000e8000000)
  object space 91648K, 59% used [0x00000000d8000000,0x00000000db5a7da0,0x00000000dd980000)
Event: 188.442 GC heap after
Heap after GC invocations=14 (full 4):
 PSYoungGen      total 90560K, used 0K [0x00000000f8000000, 0x00000000fec00000, 0x0000000100000000)
  eden space 70656K, 0% used [0x00000000f8000000,0x00000000f8000000,0x00000000fc500000)
  from space 19904K, 0% used [0x00000000fd890000,0x00000000fd890000,0x00000000fec00000)
  to   space 19968K, 0% used [0x00000000fc500000,0x00000000fc500000,0x00000000fd880000)
 ParOldGen       total 59840K, used 26786K [0x00000000e8000000, 0x00000000eba70000, 0x00000000f8000000)
  object space 59840K, 44% used [0x00000000e8000000,0x00000000e9a28b88,0x00000000eba70000)
 PSPermGen       total 93312K, used 54943K [0x00000000d8000000, 0x00000000ddb20000, 0x00000000e8000000)
  object space 93312K, 58% used [0x00000000d8000000,0x00000000db5a7c58,0x00000000ddb20000)
}
Event: 228.884 GC heap before
{Heap before GC invocations=15 (full 4):
 PSYoungGen      total 90560K, used 70656K [0x00000000f8000000, 0x00000000fec00000, 0x0000000100000000)
  eden space 70656K, 100% used [0x00000000f8000000,0x00000000fc500000,0x00000000fc500000)
  from space 19904K, 0% used [0x00000000fd890000,0x00000000fd890000,0x00000000fec00000)
  to   space 19968K, 0% used [0x00000000fc500000,0x00000000fc500000,0x00000000fd880000)
 ParOldGen       total 59840K, used 26786K [0x00000000e8000000, 0x00000000eba70000, 0x00000000f8000000)
  object space 59840K, 44% used [0x00000000e8000000,0x00000000e9a28b88,0x00000000eba70000)
 PSPermGen       total 93312K, used 55719K [0x00000000d8000000, 0x00000000ddb20000, 0x00000000e8000000)
  object space 93312K, 59% used [0x00000000d8000000,0x00000000db669d00,0x00000000ddb20000)
Event: 228.892 GC heap after
Heap after GC invocations=15 (full 4):
 PSYoungGen      total 90624K, used 3206K [0x00000000f8000000, 0x00000000ffd10000, 0x0000000100000000)
  eden space 70656K, 0% used [0x00000000f8000000,0x00000000f8000000,0x00000000fc500000)
  from space 19968K, 16% used [0x00000000fc500000,0x00000000fc821968,0x00000000fd880000)
  to   space 19648K, 0% used [0x00000000fe9e0000,0x00000000fe9e0000,0x00000000ffd10000)
 ParOldGen       total 59840K, used 26786K [0x00000000e8000000, 0x00000000eba70000, 0x00000000f8000000)
  object space 59840K, 44% used [0x00000000e8000000,0x00000000e9a28b88,0x00000000eba70000)
 PSPermGen       total 93312K, used 55719K [0x00000000d8000000, 0x00000000ddb20000, 0x00000000e8000000)
  object space 93312K, 59% used [0x00000000d8000000,0x00000000db669d00,0x00000000ddb20000)
}
Event: 231.061 GC heap before
{Heap before GC invocations=16 (full 4):
 PSYoungGen      total 90624K, used 73862K [0x00000000f8000000, 0x00000000ffd10000, 0x0000000100000000)
  eden space 70656K, 100% used [0x00000000f8000000,0x00000000fc500000,0x00000000fc500000)
  from space 19968K, 16% used [0x00000000fc500000,0x00000000fc821968,0x00000000fd880000)
  to   space 19648K, 0% used [0x00000000fe9e0000,0x00000000fe9e0000,0x00000000ffd10000)
 ParOldGen       total 59840K, used 26786K [0x00000000e8000000, 0x00000000eba70000, 0x00000000f8000000)
  object space 59840K, 44% used [0x00000000e8000000,0x00000000e9a28b88,0x00000000eba70000)
 PSPermGen       total 93312K, used 56493K [0x00000000d8000000, 0x00000000ddb20000, 0x00000000e8000000)
  object space 93312K, 60% used [0x00000000d8000000,0x00000000db72b510,0x00000000ddb20000)
Event: 231.069 GC heap after
Heap after GC invocations=16 (full 4):
 PSYoungGen      total 89472K, used 6624K [0x00000000f8000000, 0x00000000ff2e0000, 0x0000000100000000)
  eden space 80256K, 0% used [0x00000000f8000000,0x00000000f8000000,0x00000000fce60000)
  from space 9216K, 71% used [0x00000000fe9e0000,0x00000000ff058040,0x00000000ff2e0000)
  to   space 18688K, 0% used [0x00000000fce60000,0x00000000fce60000,0x00000000fe0a0000)
 ParOldGen       total 59840K, used 26786K [0x00000000e8000000, 0x00000000eba70000, 0x00000000f8000000)
  object space 59840K, 44% used [0x00000000e8000000,0x00000000e9a28b88,0x00000000eba70000)
 PSPermGen       total 93312K, used 56493K [0x00000000d8000000, 0x00000000ddb20000, 0x00000000e8000000)
  object space 93312K, 60% used [0x00000000d8000000,0x00000000db72b510,0x00000000ddb20000)
}
Event: 248.298 GC heap before
{Heap before GC invocations=17 (full 4):
 PSYoungGen      total 89472K, used 64428K [0x00000000f8000000, 0x00000000ff2e0000, 0x0000000100000000)
  eden space 80256K, 72% used [0x00000000f8000000,0x00000000fb873190,0x00000000fce60000)
  from space 9216K, 71% used [0x00000000fe9e0000,0x00000000ff058040,0x00000000ff2e0000)
  to   space 18688K, 0% used [0x00000000fce60000,0x00000000fce60000,0x00000000fe0a0000)
 ParOldGen       total 59840K, used 26786K [0x00000000e8000000, 0x00000000eba70000, 0x00000000f8000000)
  object space 59840K, 44% used [0x00000000e8000000,0x00000000e9a28b88,0x00000000eba70000)
 PSPermGen       total 93312K, used 57859K [0x00000000d8000000, 0x00000000ddb20000, 0x00000000e8000000)
  object space 93312K, 62% used [0x00000000d8000000,0x00000000db880eb8,0x00000000ddb20000)
Event: 248.308 GC heap after
Heap after GC invocations=17 (full 4):
 PSYoungGen      total 86720K, used 6444K [0x00000000f8000000, 0x00000000ff120000, 0x0000000100000000)
  eden space 80256K, 0% used [0x00000000f8000000,0x00000000f8000000,0x00000000fce60000)
  from space 6464K, 99% used [0x00000000fce60000,0x00000000fd4ab058,0x00000000fd4b0000)
  to   space 17792K, 0% used [0x00000000fdfc0000,0x00000000fdfc0000,0x00000000ff120000)
 ParOldGen       total 59840K, used 26794K [0x00000000e8000000, 0x00000000eba70000, 0x00000000f8000000)
  object space 59840K, 44% used [0x00000000e8000000,0x00000000e9a2ab88,0x00000000eba70000)
 PSPermGen       total 93312K, used 57859K [0x00000000d8000000, 0x00000000ddb20000, 0x00000000e8000000)
  object space 93312K, 62% used [0x00000000d8000000,0x00000000db880eb8,0x00000000ddb20000)
}
Event: 248.308 GC heap before
{Heap before GC invocations=18 (full 5):
 PSYoungGen      total 86720K, used 6444K [0x00000000f8000000, 0x00000000ff120000, 0x0000000100000000)
  eden space 80256K, 0% used [0x00000000f8000000,0x00000000f8000000,0x00000000fce60000)
  from space 6464K, 99% used [0x00000000fce60000,0x00000000fd4ab058,0x00000000fd4b0000)
  to   space 17792K, 0% used [0x00000000fdfc0000,0x00000000fdfc0000,0x00000000ff120000)
 ParOldGen       total 59840K, used 26794K [0x00000000e8000000, 0x00000000eba70000, 0x00000000f8000000)
  object space 59840K, 44% used [0x00000000e8000000,0x00000000e9a2ab88,0x00000000eba70000)
 PSPermGen       total 93312K, used 57859K [0x00000000d8000000, 0x00000000ddb20000, 0x00000000e8000000)
  object space 93312K, 62% used [0x00000000d8000000,0x00000000db880eb8,0x00000000ddb20000)
Event: 248.469 GC heap after
Heap after GC invocations=18 (full 5):
 PSYoungGen      total 86720K, used 0K [0x00000000f8000000, 0x00000000ff120000, 0x0000000100000000)
  eden space 80256K, 0% used [0x00000000f8000000,0x00000000f8000000,0x00000000fce60000)
  from space 6464K, 0% used [0x00000000fce60000,0x00000000fce60000,0x00000000fd4b0000)
  to   space 17792K, 0% used [0x00000000fdfc0000,0x00000000fdfc0000,0x00000000ff120000)
 ParOldGen       total 59840K, used 28060K [0x00000000e8000000, 0x00000000eba70000, 0x00000000f8000000)
  object space 59840K, 46% used [0x00000000e8000000,0x00000000e9b67168,0x00000000eba70000)
 PSPermGen       total 94336K, used 57856K [0x00000000d8000000, 0x00000000ddc20000, 0x00000000e8000000)
  object space 94336K, 61% used [0x00000000d8000000,0x00000000db880398,0x00000000ddc20000)
}

